/space/grp/rschwartz/rschwartz/evaluation_summary.nf/bin/aggregate_results.py:189: DtypeWarning: Columns (15,18,19) have mixed types. Specify dtype option on import or set low_memory=False.
  temp_df = pd.read_csv(filepath,sep="\t")
/space/grp/rschwartz/rschwartz/evaluation_summary.nf/bin/aggregate_results.py:189: DtypeWarning: Columns (15,18,19) have mixed types. Specify dtype option on import or set low_memory=False.
  temp_df = pd.read_csv(filepath,sep="\t")
/space/grp/rschwartz/rschwartz/evaluation_summary.nf/bin/aggregate_results.py:189: DtypeWarning: Columns (15,18,19) have mixed types. Specify dtype option on import or set low_memory=False.
  temp_df = pd.read_csv(filepath,sep="\t")
/space/grp/rschwartz/rschwartz/evaluation_summary.nf/bin/aggregate_results.py:189: DtypeWarning: Columns (15,18,19) have mixed types. Specify dtype option on import or set low_memory=False.
  temp_df = pd.read_csv(filepath,sep="\t")
/space/grp/rschwartz/rschwartz/evaluation_summary.nf/bin/aggregate_results.py:189: DtypeWarning: Columns (15,18,19) have mixed types. Specify dtype option on import or set low_memory=False.
  temp_df = pd.read_csv(filepath,sep="\t")
/space/grp/rschwartz/rschwartz/evaluation_summary.nf/bin/aggregate_results.py:189: DtypeWarning: Columns (15,18,19) have mixed types. Specify dtype option on import or set low_memory=False.
  temp_df = pd.read_csv(filepath,sep="\t")
/space/grp/rschwartz/rschwartz/evaluation_summary.nf/bin/aggregate_results.py:189: DtypeWarning: Columns (14,15,18,19) have mixed types. Specify dtype option on import or set low_memory=False.
  temp_df = pd.read_csv(filepath,sep="\t")
/space/grp/rschwartz/rschwartz/evaluation_summary.nf/bin/aggregate_results.py:189: DtypeWarning: Columns (15,18,19) have mixed types. Specify dtype option on import or set low_memory=False.
  temp_df = pd.read_csv(filepath,sep="\t")
/space/grp/rschwartz/rschwartz/evaluation_summary.nf/bin/aggregate_results.py:189: DtypeWarning: Columns (15,18,19) have mixed types. Specify dtype option on import or set low_memory=False.
  temp_df = pd.read_csv(filepath,sep="\t")
/space/grp/rschwartz/rschwartz/evaluation_summary.nf/bin/aggregate_results.py:189: DtypeWarning: Columns (14,15,18,19) have mixed types. Specify dtype option on import or set low_memory=False.
  temp_df = pd.read_csv(filepath,sep="\t")
/space/grp/rschwartz/rschwartz/evaluation_summary.nf/bin/aggregate_results.py:189: DtypeWarning: Columns (15,18,19) have mixed types. Specify dtype option on import or set low_memory=False.
  temp_df = pd.read_csv(filepath,sep="\t")
/space/grp/rschwartz/rschwartz/evaluation_summary.nf/bin/aggregate_results.py:189: DtypeWarning: Columns (15,18,19) have mixed types. Specify dtype option on import or set low_memory=False.
  temp_df = pd.read_csv(filepath,sep="\t")
/space/grp/rschwartz/rschwartz/evaluation_summary.nf/bin/aggregate_results.py:189: DtypeWarning: Columns (15,18,19) have mixed types. Specify dtype option on import or set low_memory=False.
  temp_df = pd.read_csv(filepath,sep="\t")
/space/grp/rschwartz/rschwartz/evaluation_summary.nf/bin/aggregate_results.py:189: DtypeWarning: Columns (15,18,19) have mixed types. Specify dtype option on import or set low_memory=False.
  temp_df = pd.read_csv(filepath,sep="\t")
/space/grp/rschwartz/rschwartz/evaluation_summary.nf/bin/aggregate_results.py:189: DtypeWarning: Columns (15,18,19) have mixed types. Specify dtype option on import or set low_memory=False.
  temp_df = pd.read_csv(filepath,sep="\t")
/space/grp/rschwartz/rschwartz/evaluation_summary.nf/bin/aggregate_results.py:189: DtypeWarning: Columns (15,18,19) have mixed types. Specify dtype option on import or set low_memory=False.
  temp_df = pd.read_csv(filepath,sep="\t")
/space/grp/rschwartz/rschwartz/evaluation_summary.nf/bin/aggregate_results.py:189: DtypeWarning: Columns (15,18,19) have mixed types. Specify dtype option on import or set low_memory=False.
  temp_df = pd.read_csv(filepath,sep="\t")
/space/grp/rschwartz/rschwartz/evaluation_summary.nf/bin/aggregate_results.py:189: DtypeWarning: Columns (14,15,18,19) have mixed types. Specify dtype option on import or set low_memory=False.
  temp_df = pd.read_csv(filepath,sep="\t")
/space/grp/rschwartz/rschwartz/evaluation_summary.nf/bin/aggregate_results.py:189: DtypeWarning: Columns (15,18,19) have mixed types. Specify dtype option on import or set low_memory=False.
  temp_df = pd.read_csv(filepath,sep="\t")
/space/grp/rschwartz/rschwartz/evaluation_summary.nf/bin/aggregate_results.py:189: DtypeWarning: Columns (15,18,19) have mixed types. Specify dtype option on import or set low_memory=False.
  temp_df = pd.read_csv(filepath,sep="\t")
/space/grp/rschwartz/rschwartz/evaluation_summary.nf/bin/aggregate_results.py:189: DtypeWarning: Columns (15,18,19) have mixed types. Specify dtype option on import or set low_memory=False.
  temp_df = pd.read_csv(filepath,sep="\t")
/space/grp/rschwartz/rschwartz/evaluation_summary.nf/bin/aggregate_results.py:189: DtypeWarning: Columns (15,18,19) have mixed types. Specify dtype option on import or set low_memory=False.
  temp_df = pd.read_csv(filepath,sep="\t")
/space/grp/rschwartz/rschwartz/evaluation_summary.nf/bin/aggregate_results.py:189: DtypeWarning: Columns (15,18,19) have mixed types. Specify dtype option on import or set low_memory=False.
  temp_df = pd.read_csv(filepath,sep="\t")
/space/grp/rschwartz/rschwartz/evaluation_summary.nf/bin/aggregate_results.py:189: DtypeWarning: Columns (15,18,19) have mixed types. Specify dtype option on import or set low_memory=False.
  temp_df = pd.read_csv(filepath,sep="\t")
Traceback (most recent call last):
  File "/home/rschwartz/anaconda3/envs/scanpyenv/lib/python3.11/site-packages/pandas/core/indexes/base.py", line 3805, in get_loc
    return self._engine.get_loc(casted_key)
           ^^^^^^^^^^^^^^^^^^^^^^^^^^^^^^^^
  File "index.pyx", line 167, in pandas._libs.index.IndexEngine.get_loc
  File "index.pyx", line 196, in pandas._libs.index.IndexEngine.get_loc
  File "pandas/_libs/hashtable_class_helper.pxi", line 7081, in pandas._libs.hashtable.PyObjectHashTable.get_item
  File "pandas/_libs/hashtable_class_helper.pxi", line 7089, in pandas._libs.hashtable.PyObjectHashTable.get_item
KeyError: 'treatment_state'

The above exception was the direct cause of the following exception:

Traceback (most recent call last):
  File "/space/grp/rschwartz/rschwartz/evaluation_summary.nf/bin/aggregate_results.py", line 390, in <module>
    main()
  File "/space/grp/rschwartz/rschwartz/evaluation_summary.nf/bin/aggregate_results.py", line 248, in main
    f1_df["treatment_state"] = f1_df["treatment_state"].str.lower()
                               ~~~~~^^^^^^^^^^^^^^^^^^^
  File "/home/rschwartz/anaconda3/envs/scanpyenv/lib/python3.11/site-packages/pandas/core/frame.py", line 4102, in __getitem__
    indexer = self.columns.get_loc(key)
              ^^^^^^^^^^^^^^^^^^^^^^^^^
  File "/home/rschwartz/anaconda3/envs/scanpyenv/lib/python3.11/site-packages/pandas/core/indexes/base.py", line 3812, in get_loc
    raise KeyError(key) from err
KeyError: 'treatment_state'
